<?xml version="1.0" encoding="UTF-8"?>
<testsuite xmlns:xsi="http://www.w3.org/2001/XMLSchema-instance" xsi:noNamespaceSchemaLocation="https://maven.apache.org/surefire/maven-surefire-plugin/xsd/surefire-test-report.xsd" name="TestSuite" time="313.41" tests="1" errors="0" skipped="0" failures="0">
  <properties>
    <property name="java.runtime.name" value="Java(TM) SE Runtime Environment"/>
    <property name="sun.boot.library.path" value="C:\Program Files\Java\jdk1.8.0_131\jre\bin"/>
    <property name="java.vm.version" value="25.131-b11"/>
    <property name="java.vm.vendor" value="Oracle Corporation"/>
    <property name="maven.multiModuleProjectDirectory" value="C:\Users\Temp\workspace\LeadValidationOptimized"/>
    <property name="java.vendor.url" value="http://java.oracle.com/"/>
    <property name="path.separator" value=";"/>
    <property name="guice.disable.misplaced.annotation.check" value="true"/>
    <property name="java.vm.name" value="Java HotSpot(TM) Client VM"/>
    <property name="file.encoding.pkg" value="sun.io"/>
    <property name="user.script" value=""/>
    <property name="user.country" value="US"/>
    <property name="sun.java.launcher" value="SUN_STANDARD"/>
    <property name="sun.os.patch.level" value="Service Pack 1"/>
    <property name="java.vm.specification.name" value="Java Virtual Machine Specification"/>
    <property name="user.dir" value="C:\Users\Temp\workspace\LeadValidationOptimized"/>
    <property name="java.runtime.version" value="1.8.0_131-b11"/>
    <property name="java.awt.graphicsenv" value="sun.awt.Win32GraphicsEnvironment"/>
    <property name="basedir" value="C:\Users\Temp\workspace\LeadValidationOptimized"/>
    <property name="java.endorsed.dirs" value="C:\Program Files\Java\jdk1.8.0_131\jre\lib\endorsed"/>
    <property name="os.arch" value="x86"/>
    <property name="java.io.tmpdir" value="C:\Users\Temp\AppData\Local\Temp\"/>
    <property name="line.separator" value="&#10;"/>
    <property name="java.vm.specification.vendor" value="Oracle Corporation"/>
    <property name="user.variant" value=""/>
    <property name="os.name" value="Windows 7"/>
    <property name="classworlds.conf" value="C:\Users\Temp\workspace\.metadata\.plugins\org.eclipse.m2e.launching\launches\m2conf9016849318264599962.tmp"/>
    <property name="sun.jnu.encoding" value="Cp1252"/>
    <property name="jnidispatch.path" value="C:\Users\Temp\AppData\Local\Temp\jna-2602996\jna5445044921062787536.dll"/>
    <property name="java.library.path" value="C:\Program Files\Java\jdk1.8.0_131\bin;C:\Windows\Sun\Java\bin;C:\Windows\system32;C:\Windows;C:/Program Files/Java/jre1.8.0_131/bin/client;C:/Program Files/Java/jre1.8.0_131/bin;C:/Program Files/Java/jre1.8.0_131/lib/i386;C:\ProgramData\Oracle\Java\javapath;C:\Windows\system32;C:\Windows;C:\Windows\system32\wbem;C:\Windows\System32\WindowsPowerShell\v1.0;C:\Program Files\Intel\OpenCL SDK\2.0\bin\x86;C:\Program Files\TortoiseSVN\bin;C:\Program Files\VisualSVN Server\bin;C:\Program Files\nodejs\;C:\Program Files\Apache Software Foundation\Tomcat 7.0\bin;C:\Program Files\Apache Software Foundation\Tomcat 7.0\lib\servlet-api.jar;C:\Program Files\Git\cmd;C:\Program Files\Jenkins\jre\bin;C:\Program Files\Java\jdk1.8.0_131\bin;C:\Program Files\Java\jre1.8.0_131\bin;C:\Users\Temp\AppData\Local\Programs\Python\Python35-32\Scripts\;C:\Users\Temp\AppData\Local\Programs\Python\Python35-32\;C:\Users\Temp\AppData\Roaming\npm;D:\java-neon\eclipse;;."/>
    <property name="surefire.test.class.path" value="C:\Users\Temp\workspace\LeadValidationOptimized\target\test-classes;C:\Users\Temp\workspace\LeadValidationOptimized\target\classes;C:\Users\Temp\.m2\repository\commons-io\commons-io\1.3.2\commons-io-1.3.2.jar;C:\Users\Temp\.m2\repository\com\relevantcodes\extentreports\2.41.2\extentreports-2.41.2.jar;C:\Users\Temp\.m2\repository\org\jsoup\jsoup\1.8.3\jsoup-1.8.3.jar;C:\Users\Temp\.m2\repository\org\xerial\sqlite-jdbc\3.8.11.1\sqlite-jdbc-3.8.11.1.jar;C:\Users\Temp\.m2\repository\org\freemarker\freemarker\2.3.23\freemarker-2.3.23.jar;C:\Users\Temp\.m2\repository\org\mongodb\mongodb-driver\3.0.4\mongodb-driver-3.0.4.jar;C:\Users\Temp\.m2\repository\org\mongodb\bson\3.0.4\bson-3.0.4.jar;C:\Users\Temp\.m2\repository\org\mongodb\mongodb-driver-core\3.0.4\mongodb-driver-core-3.0.4.jar;C:\Users\Temp\.m2\repository\org\testng\testng\6.9.10\testng-6.9.10.jar;C:\Users\Temp\.m2\repository\com\beust\jcommander\1.48\jcommander-1.48.jar;C:\Users\Temp\.m2\repository\org\beanshell\bsh\2.0b4\bsh-2.0b4.jar;C:\Users\Temp\.m2\repository\org\seleniumhq\selenium\selenium-support\3.0.1\selenium-support-3.0.1.jar;C:\Users\Temp\.m2\repository\org\seleniumhq\selenium\selenium-remote-driver\3.0.1\selenium-remote-driver-3.0.1.jar;C:\Users\Temp\.m2\repository\org\seleniumhq\selenium\selenium-api\3.0.1\selenium-api-3.0.1.jar;C:\Users\Temp\.m2\repository\cglib\cglib-nodep\3.2.4\cglib-nodep-3.2.4.jar;C:\Users\Temp\.m2\repository\org\apache\commons\commons-exec\1.3\commons-exec-1.3.jar;C:\Users\Temp\.m2\repository\com\google\guava\guava\19.0\guava-19.0.jar;C:\Users\Temp\.m2\repository\net\java\dev\jna\jna-platform\4.1.0\jna-platform-4.1.0.jar;C:\Users\Temp\.m2\repository\net\java\dev\jna\jna\4.1.0\jna-4.1.0.jar;C:\Users\Temp\.m2\repository\junit\junit\4.12\junit-4.12.jar;C:\Users\Temp\.m2\repository\org\hamcrest\hamcrest-core\1.3\hamcrest-core-1.3.jar;C:\Users\Temp\.m2\repository\org\seleniumhq\selenium\selenium-java\3.3.0\selenium-java-3.3.0.jar;C:\Users\Temp\.m2\repository\org\seleniumhq\selenium\selenium-chrome-driver\3.3.0\selenium-chrome-driver-3.3.0.jar;C:\Users\Temp\.m2\repository\org\seleniumhq\selenium\selenium-edge-driver\3.3.0\selenium-edge-driver-3.3.0.jar;C:\Users\Temp\.m2\repository\org\seleniumhq\selenium\selenium-firefox-driver\3.3.0\selenium-firefox-driver-3.3.0.jar;C:\Users\Temp\.m2\repository\org\seleniumhq\selenium\selenium-ie-driver\3.3.0\selenium-ie-driver-3.3.0.jar;C:\Users\Temp\.m2\repository\org\seleniumhq\selenium\selenium-opera-driver\3.3.0\selenium-opera-driver-3.3.0.jar;C:\Users\Temp\.m2\repository\org\seleniumhq\selenium\selenium-safari-driver\3.3.0\selenium-safari-driver-3.3.0.jar;C:\Users\Temp\.m2\repository\com\codeborne\phantomjsdriver\1.4.0\phantomjsdriver-1.4.0.jar;C:\Users\Temp\.m2\repository\org\seleniumhq\selenium\htmlunit-driver\2.24\htmlunit-driver-2.24.jar;C:\Users\Temp\.m2\repository\net\sourceforge\htmlunit\htmlunit\2.24\htmlunit-2.24.jar;C:\Users\Temp\.m2\repository\xalan\xalan\2.7.2\xalan-2.7.2.jar;C:\Users\Temp\.m2\repository\xalan\serializer\2.7.2\serializer-2.7.2.jar;C:\Users\Temp\.m2\repository\org\apache\commons\commons-lang3\3.5\commons-lang3-3.5.jar;C:\Users\Temp\.m2\repository\net\sourceforge\htmlunit\htmlunit-core-js\2.23\htmlunit-core-js-2.23.jar;C:\Users\Temp\.m2\repository\net\sourceforge\htmlunit\neko-htmlunit\2.24\neko-htmlunit-2.24.jar;C:\Users\Temp\.m2\repository\xerces\xercesImpl\2.11.0\xercesImpl-2.11.0.jar;C:\Users\Temp\.m2\repository\xml-apis\xml-apis\1.4.01\xml-apis-1.4.01.jar;C:\Users\Temp\.m2\repository\net\sourceforge\cssparser\cssparser\0.9.21\cssparser-0.9.21.jar;C:\Users\Temp\.m2\repository\org\w3c\css\sac\1.3\sac-1.3.jar;C:\Users\Temp\.m2\repository\org\eclipse\jetty\websocket\websocket-client\9.2.20.v20161216\websocket-client-9.2.20.v20161216.jar;C:\Users\Temp\.m2\repository\org\eclipse\jetty\jetty-util\9.2.20.v20161216\jetty-util-9.2.20.v20161216.jar;C:\Users\Temp\.m2\repository\org\eclipse\jetty\jetty-io\9.2.20.v20161216\jetty-io-9.2.20.v20161216.jar;C:\Users\Temp\.m2\repository\org\eclipse\jetty\websocket\websocket-common\9.2.20.v20161216\websocket-common-9.2.20.v20161216.jar;C:\Users\Temp\.m2\repository\org\eclipse\jetty\websocket\websocket-api\9.2.20.v20161216\websocket-api-9.2.20.v20161216.jar;C:\Users\Temp\.m2\repository\org\apache\poi\poi\3.14\poi-3.14.jar;C:\Users\Temp\.m2\repository\commons-codec\commons-codec\1.10\commons-codec-1.10.jar;C:\Users\Temp\.m2\repository\org\apache\poi\poi-ooxml\3.14\poi-ooxml-3.14.jar;C:\Users\Temp\.m2\repository\org\apache\poi\poi-ooxml-schemas\3.14\poi-ooxml-schemas-3.14.jar;C:\Users\Temp\.m2\repository\org\apache\xmlbeans\xmlbeans\2.6.0\xmlbeans-2.6.0.jar;C:\Users\Temp\.m2\repository\stax\stax-api\1.0.1\stax-api-1.0.1.jar;C:\Users\Temp\.m2\repository\com\github\virtuald\curvesapi\1.03\curvesapi-1.03.jar;C:\Users\Temp\.m2\repository\com\aventstack\extentreports\3.0.6\extentreports-3.0.6.jar;C:\Users\Temp\.m2\repository\org\apache\httpcomponents\httpclient\4.5.2\httpclient-4.5.2.jar;C:\Users\Temp\.m2\repository\org\apache\httpcomponents\httpcore\4.4.4\httpcore-4.4.4.jar;C:\Users\Temp\.m2\repository\commons-logging\commons-logging\1.2\commons-logging-1.2.jar;C:\Users\Temp\.m2\repository\org\apache\httpcomponents\httpmime\4.5.2\httpmime-4.5.2.jar;C:\Users\Temp\.m2\repository\oracle\ojdbc6\11.2.0.3\ojdbc6-11.2.0.3.jar;C:\Users\Temp\.m2\repository\ru\yandex\qatools\ashot\ashot\1.4.12\ashot-1.4.12.jar;C:\Users\Temp\.m2\repository\com\google\code\gson\gson\2.2.4\gson-2.2.4.jar;C:\Users\Temp\.m2\repository\org\hamcrest\hamcrest-all\1.3\hamcrest-all-1.3.jar;C:\Users\Temp\.m2\repository\com\googlecode\lambdaj\lambdaj\2.3.3\lambdaj-2.3.3.jar;C:\Users\Temp\.m2\repository\org\objenesis\objenesis\1.2\objenesis-1.2.jar;C:\Users\Temp\.m2\repository\org\apache\maven\surefire\surefire-testng-utils\2.20\surefire-testng-utils-2.20.jar;C:\Users\Temp\.m2\repository\org\apache\maven\surefire\surefire-grouper\2.20\surefire-grouper-2.20.jar;"/>
    <property name="java.specification.name" value="Java Platform API Specification"/>
    <property name="java.class.version" value="52.0"/>
    <property name="sun.management.compiler" value="HotSpot Client Compiler"/>
    <property name="os.version" value="6.1"/>
    <property name="user.home" value="C:\Users\Temp"/>
    <property name="user.timezone" value="Asia/Calcutta"/>
    <property name="java.awt.printerjob" value="sun.awt.windows.WPrinterJob"/>
    <property name="java.specification.version" value="1.8"/>
    <property name="file.encoding" value="Cp1252"/>
    <property name="user.name" value="Temp"/>
    <property name="java.class.path" value="/C:/Users/Temp/.p2/pool/plugins/org.eclipse.m2e.maven.runtime_1.7.0.20160603-1931/jars/plexus-classworlds-2.5.2.jar"/>
    <property name="java.vm.specification.version" value="1.8"/>
    <property name="sun.arch.data.model" value="32"/>
    <property name="java.home" value="C:\Program Files\Java\jdk1.8.0_131\jre"/>
    <property name="sun.java.command" value="org.codehaus.plexus.classworlds.launcher.Launcher -B install"/>
    <property name="java.specification.vendor" value="Oracle Corporation"/>
    <property name="user.language" value="en"/>
    <property name="awt.toolkit" value="sun.awt.windows.WToolkit"/>
    <property name="java.vm.info" value="mixed mode, sharing"/>
    <property name="java.version" value="1.8.0_131"/>
    <property name="java.ext.dirs" value="C:\Program Files\Java\jdk1.8.0_131\jre\lib\ext;C:\Windows\Sun\Java\lib\ext"/>
    <property name="sun.boot.class.path" value="C:\Program Files\Java\jdk1.8.0_131\jre\lib\resources.jar;C:\Program Files\Java\jdk1.8.0_131\jre\lib\rt.jar;C:\Program Files\Java\jdk1.8.0_131\jre\lib\sunrsasign.jar;C:\Program Files\Java\jdk1.8.0_131\jre\lib\jsse.jar;C:\Program Files\Java\jdk1.8.0_131\jre\lib\jce.jar;C:\Program Files\Java\jdk1.8.0_131\jre\lib\charsets.jar;C:\Program Files\Java\jdk1.8.0_131\jre\lib\jfr.jar;C:\Program Files\Java\jdk1.8.0_131\jre\classes"/>
    <property name="webdriver.chrome.driver" value="./chromedriver.exe"/>
    <property name="java.vendor" value="Oracle Corporation"/>
    <property name="maven.home" value="C:\Users\Temp\workspace\LeadValidationOptimized\EMBEDDED"/>
    <property name="localRepository" value="C:\Users\Temp\.m2\repository"/>
    <property name="file.separator" value="\"/>
    <property name="java.vendor.url.bug" value="http://bugreport.sun.com/bugreport/"/>
    <property name="sun.cpu.endian" value="little"/>
    <property name="sun.io.unicode.encoding" value="UnicodeLittle"/>
    <property name="sun.desktop" value="windows"/>
    <property name="sun.cpu.isalist" value="pentium_pro+mmx pentium_pro pentium+mmx pentium i486 i386 i86"/>
  </properties>
  <testcase name="launch" classname="LeadReportOptimized.LeadValidationOptimized.LeadFlowTesting" time="310.677"/>
</testsuite>