<?xml version="1.0" encoding="UTF-8"?>
<!-- Generated by org.testng.reporters.JUnitReportReporter -->
<testsuite hostname="Design" name="LeadReportOptimized.LeadValidationOptimized.LeadFlowTesting" tests="1" failures="0" timestamp="1 Jul 2017 13:03:23 GMT" time="310.694" errors="0">
  <testcase name="launch" time="310.694" classname="LeadReportOptimized.LeadValidationOptimized.LeadFlowTesting"/>
</testsuite> <!-- LeadReportOptimized.LeadValidationOptimized.LeadFlowTesting -->
