<?xml version="1.0" encoding="UTF-8"?>
<!-- Generated by org.testng.reporters.JUnitReportReporter -->
<testsuite hostname="Design" name="ProjectOne.Lead.LeadFlowTesting" tests="1" failures="0" timestamp="26 Jul 2017 10:26:45 GMT" time="420.981" errors="0">
  <testcase name="launch" time="420.981" classname="ProjectOne.Lead.LeadFlowTesting"/>
</testsuite> <!-- ProjectOne.Lead.LeadFlowTesting -->
